# JRE version: OpenJDK Runtime Environment (21.0.8) (build 21.0.8+-14196175-b1038.72)
# Java VM: OpenJDK 64-Bit Server VM (21.0.8+-14196175-b1038.72, mixed mode, tiered, compressed oops, compressed class ptrs, g1 gc, windows-amd64)
GC Precious Log:
 CardTable entry size: 512
 Card Set container configuration: InlinePtr #cards 5 size 8 Array Of Cards #cards 12 size 40 Howl #buckets 4 coarsen threshold 1843 Howl Bitmap #cards 512 size 80 coarsen threshold 460 Card regions per heap region 1 cards per card region 2048
 CPUs: 4 total, 4 available
 Memory: 8072M
 Large Page Support: Disabled
 NUMA Support: Disabled
 Compressed Oops: Enabled (32-bit)
 Heap Region Size: 1M
 Heap Min Capacity: 8M
 Heap Initial Capacity: 128M
 Heap Max Capacity: 2G
 Pre-touch: Disabled
 Parallel Workers: 4
 Concurrent Workers: 1
 Concurrent Refinement Workers: 4
 Periodic GC: Disabled
Heap:
 garbage-first heap   total 160768K, used 99463K [0x0000000080000000, 0x0000000100000000)
  region size 1024K, 9 young (9216K), 6 survivors (6144K)
 Metaspace       used 72405K, committed 74112K, reserved 1114112K
  class space    used 10261K, committed 11072K, reserved 1048576K
GC Heap History (20 events):
Event: 6.528 GC heap before
{Heap before GC invocations=15 (full 0):
 garbage-first heap   total 101376K, used 80741K [0x0000000080000000, 0x0000000100000000)
  region size 1024K, 22 young (22528K), 2 survivors (2048K)
 Metaspace       used 45985K, committed 46912K, reserved 1114112K
  class space    used 6343K, committed 6784K, reserved 1048576K
}
Event: 6.533 GC heap after
{Heap after GC invocations=16 (full 0):
 garbage-first heap   total 101376K, used 63461K [0x0000000080000000, 0x0000000100000000)
  region size 1024K, 3 young (3072K), 3 survivors (3072K)
 Metaspace       used 45985K, committed 46912K, reserved 1114112K
  class space    used 6343K, committed 6784K, reserved 1048576K
}
Event: 6.761 GC heap before
{Heap before GC invocations=17 (full 0):
 garbage-first heap   total 106496K, used 83941K [0x0000000080000000, 0x0000000100000000)
  region size 1024K, 23 young (23552K), 3 survivors (3072K)
 Metaspace       used 46341K, committed 47296K, reserved 1114112K
  class space    used 6373K, committed 6848K, reserved 1048576K
}
Event: 6.768 GC heap after
{Heap after GC invocations=18 (full 0):
 garbage-first heap   total 106496K, used 66277K [0x0000000080000000, 0x0000000100000000)
  region size 1024K, 3 young (3072K), 3 survivors (3072K)
 Metaspace       used 46341K, committed 47296K, reserved 1114112K
  class space    used 6373K, committed 6848K, reserved 1048576K
}
Event: 7.210 GC heap before
{Heap before GC invocations=18 (full 0):
 garbage-first heap   total 106496K, used 92901K [0x0000000080000000, 0x0000000100000000)
  region size 1024K, 25 young (25600K), 3 survivors (3072K)
 Metaspace       used 49192K, committed 50240K, reserved 1114112K
  class space    used 6683K, committed 7168K, reserved 1048576K
}
Event: 7.216 GC heap after
{Heap after GC invocations=19 (full 0):
 garbage-first heap   total 106496K, used 67612K [0x0000000080000000, 0x0000000100000000)
  region size 1024K, 3 young (3072K), 3 survivors (3072K)
 Metaspace       used 49192K, committed 50240K, reserved 1114112K
  class space    used 6683K, committed 7168K, reserved 1048576K
}
Event: 7.580 GC heap before
{Heap before GC invocations=19 (full 0):
 garbage-first heap   total 106496K, used 90140K [0x0000000080000000, 0x0000000100000000)
  region size 1024K, 25 young (25600K), 3 survivors (3072K)
 Metaspace       used 51675K, committed 52928K, reserved 1114112K
  class space    used 7119K, committed 7680K, reserved 1048576K
}
Event: 7.600 GC heap after
{Heap after GC invocations=20 (full 0):
 garbage-first heap   total 128000K, used 69197K [0x0000000080000000, 0x0000000100000000)
  region size 1024K, 2 young (2048K), 2 survivors (2048K)
 Metaspace       used 51675K, committed 52928K, reserved 1114112K
  class space    used 7119K, committed 7680K, reserved 1048576K
}
Event: 8.259 GC heap before
{Heap before GC invocations=21 (full 0):
 garbage-first heap   total 128000K, used 104013K [0x0000000080000000, 0x0000000100000000)
  region size 1024K, 36 young (36864K), 2 survivors (2048K)
 Metaspace       used 55910K, committed 57344K, reserved 1114112K
  class space    used 7833K, committed 8512K, reserved 1048576K
}
Event: 8.264 GC heap after
{Heap after GC invocations=22 (full 0):
 garbage-first heap   total 128000K, used 70866K [0x0000000080000000, 0x0000000100000000)
  region size 1024K, 4 young (4096K), 4 survivors (4096K)
 Metaspace       used 55910K, committed 57344K, reserved 1114112K
  class space    used 7833K, committed 8512K, reserved 1048576K
}
Event: 9.233 GC heap before
{Heap before GC invocations=22 (full 0):
 garbage-first heap   total 128000K, used 123090K [0x0000000080000000, 0x0000000100000000)
  region size 1024K, 39 young (39936K), 4 survivors (4096K)
 Metaspace       used 58421K, committed 59968K, reserved 1114112K
  class space    used 8213K, committed 8960K, reserved 1048576K
}
Event: 9.245 GC heap after
{Heap after GC invocations=23 (full 0):
 garbage-first heap   total 133120K, used 91965K [0x0000000080000000, 0x0000000100000000)
  region size 1024K, 5 young (5120K), 5 survivors (5120K)
 Metaspace       used 58421K, committed 59968K, reserved 1114112K
  class space    used 8213K, committed 8960K, reserved 1048576K
}
Event: 9.296 GC heap before
{Heap before GC invocations=23 (full 0):
 garbage-first heap   total 133120K, used 95037K [0x0000000080000000, 0x0000000100000000)
  region size 1024K, 10 young (10240K), 5 survivors (5120K)
 Metaspace       used 58828K, committed 60288K, reserved 1114112K
  class space    used 8243K, committed 8960K, reserved 1048576K
}
Event: 9.302 GC heap after
{Heap after GC invocations=24 (full 0):
 garbage-first heap   total 133120K, used 93598K [0x0000000080000000, 0x0000000100000000)
  region size 1024K, 2 young (2048K), 2 survivors (2048K)
 Metaspace       used 58828K, committed 60288K, reserved 1114112K
  class space    used 8243K, committed 8960K, reserved 1048576K
}
Event: 9.604 GC heap before
{Heap before GC invocations=25 (full 0):
 garbage-first heap   total 160768K, used 122270K [0x0000000080000000, 0x0000000100000000)
  region size 1024K, 28 young (28672K), 2 survivors (2048K)
 Metaspace       used 60516K, committed 62080K, reserved 1114112K
  class space    used 8402K, committed 9152K, reserved 1048576K
}
Event: 9.608 GC heap after
{Heap after GC invocations=26 (full 0):
 garbage-first heap   total 160768K, used 93031K [0x0000000080000000, 0x0000000100000000)
  region size 1024K, 1 young (1024K), 1 survivors (1024K)
 Metaspace       used 60516K, committed 62080K, reserved 1114112K
  class space    used 8402K, committed 9152K, reserved 1048576K
}
Event: 10.441 GC heap before
{Heap before GC invocations=26 (full 0):
 garbage-first heap   total 160768K, used 141159K [0x0000000080000000, 0x0000000100000000)
  region size 1024K, 49 young (50176K), 1 survivors (1024K)
 Metaspace       used 66331K, committed 67968K, reserved 1114112K
  class space    used 9278K, committed 10048K, reserved 1048576K
}
Event: 10.446 GC heap after
{Heap after GC invocations=27 (full 0):
 garbage-first heap   total 160768K, used 94448K [0x0000000080000000, 0x0000000100000000)
  region size 1024K, 3 young (3072K), 3 survivors (3072K)
 Metaspace       used 66331K, committed 67968K, reserved 1114112K
  class space    used 9278K, committed 10048K, reserved 1048576K
}
Event: 11.307 GC heap before
{Heap before GC invocations=27 (full 0):
 garbage-first heap   total 160768K, used 144624K [0x0000000080000000, 0x0000000100000000)
  region size 1024K, 52 young (53248K), 3 survivors (3072K)
 Metaspace       used 72189K, committed 73920K, reserved 1114112K
  class space    used 10229K, committed 11072K, reserved 1048576K
}
Event: 11.315 GC heap after
{Heap after GC invocations=28 (full 0):
 garbage-first heap   total 160768K, used 97415K [0x0000000080000000, 0x0000000100000000)
  region size 1024K, 6 young (6144K), 6 survivors (6144K)
 Metaspace       used 72189K, committed 73920K, reserved 1114112K
  class space    used 10229K, committed 11072K, reserved 1048576K
}

